/api/swagger-ui.html
/swagger-ui.html
/swagger/index.html
/swagger/swagger-ui.html
/v1.x/swagger-ui.html
api
api-doc
api-docs
api/swagger
api/v1
api/v2
api/v3
apidoc
apidocs
application
backoffice/v1/ui
build/reference/web-api/explore
core/latest/swagger-ui/index.html
doc
docs
documentation
internal/docs
rest/v1
rest/v3/doc
swagger
swagger-resources
swagger-ui
swagger-ui.html
swagger.json
swagger/index.html
swagger/swagger-ui.htm
swagger/ui
swagger/v1/swagger.json
swaggerui
ui
ui/
v1
v1.0
v1.1
v2